0:100  0:100  MemLog inited, TSC freq: 2294695494
0:100  0:000  CPU was calibrated with ACPI PM Timer
0:100  0:000  
0:100  0:000  Now is 17.7.2018,  8:52:21 (GMT)
0:100  0:000  Starting Clover revision: 4444.RM-4652.23891(c1f8602f.abe73e2ebe)  on American Megatrends EFI
0:100  0:000  Build with: [Args: -mc --no-usb -D NO_GRUB_DRIVERS_EMBEDDED -t XCODE8 | -D DISABLE_USB_SUPPORT -D NO_GRUB_DRIVERS_EMBEDDED -D USE_BIOS_BLOCKIO -D USE_LOW_EBDA -a X64 -b RELEASE -t XCODE8 -n 9 | OS: 10.13.4 | XCODE: 9.3]
0:100  0:000  SelfDevicePath=PciRoot(0x0)\Pci(0x1F,0x2)\Sata(0x0,0xFFFF,0x0)\HD(1,GPT,77132E91-2140-43BD-9614-A5054420E5D4,0x28,0x64000) @C75DA218
0:100  0:000  SelfDirPath = \EFI\BOOT
0:100  0:000  === [ Get Smbios ] ========================================
0:100  0:000  Type 16 Index = 0
0:100  0:000  Total Memory Slots Count = 4
0:100  0:000  Type 17 Index = 0
0:100  0:000  SmbiosTable.Type17->Speed = 1600MHz
0:100  0:000  SmbiosTable.Type17->Size = 4096MB
0:100  0:000  SmbiosTable.Type17->Bank/Device = BANK 0 ChannelA-DIMM0
0:100  0:000  SmbiosTable.Type17->Vendor = Elpida
0:100  0:000  SmbiosTable.Type17->SerialNumber = 00000000
0:100  0:000  SmbiosTable.Type17->PartNumber =                   
0:100  0:000  Type 17 Index = 1
0:100  0:000  Ignoring insane frequency value 0MHz
0:100  0:000  SmbiosTable.Type17->Speed = 0MHz
0:100  0:000  SmbiosTable.Type17->Size = 0MB
0:100  0:000  SmbiosTable.Type17->Bank/Device = BANK 1 ChannelA-DIMM1
0:100  0:000  SmbiosTable.Type17->Vendor = <null string>
0:100  0:000  SmbiosTable.Type17->SerialNumber = <null string>
0:100  0:000  SmbiosTable.Type17->PartNumber = <null string>
0:100  0:000  Type 17 Index = 2
0:100  0:000  SmbiosTable.Type17->Speed = 1600MHz
0:100  0:000  SmbiosTable.Type17->Size = 4096MB
0:100  0:000  SmbiosTable.Type17->Bank/Device = BANK 2 ChannelB-DIMM0
0:100  0:000  SmbiosTable.Type17->Vendor = Kingston
0:100  0:000  SmbiosTable.Type17->SerialNumber = 08343992
0:100  0:000  SmbiosTable.Type17->PartNumber = 99U5469-045.A00LF 
0:100  0:000  Type 17 Index = 3
0:100  0:000  Ignoring insane frequency value 0MHz
0:100  0:000  SmbiosTable.Type17->Speed = 0MHz
0:100  0:000  SmbiosTable.Type17->Size = 0MB
0:100  0:000  SmbiosTable.Type17->Bank/Device = BANK 3 ChannelB-DIMM1
0:100  0:000  SmbiosTable.Type17->Vendor = <null string>
0:100  0:000  SmbiosTable.Type17->SerialNumber = <null string>
0:100  0:000  SmbiosTable.Type17->PartNumber = <null string>
0:100  0:000  Boot status=0
0:100  0:000  Running on: 'X550LN' with board 'X550LN'
0:100  0:000  === [ GetCPUProperties ] ==================================
0:100  0:000  CPU Vendor = 756E6547 Model=40651
0:100  0:000   The CPU supported SSE4.1
0:100  0:000  BrandString = Intel(R) Core(TM) i5-4200U CPU @ 1.60GHz
0:100  0:000   The CPU supported turbo
0:100  0:000  MSR 0x35               20004
0:100  0:000  MSR 0xE2 before patch 1E008408
0:100  0:000  MSR 0xE2 is locked, PM patches will be turned on
0:100  0:000  MSR 0xCE              0008083D_F3011700
0:100  0:000  corrected FLEX_RATIO = 0
0:100  0:000  MSR 0x1B0             00000000
0:100  0:000  FSBFrequency = 70 MHz, DMI FSBFrequency = 100 MHz, Corrected FSBFrequency = 100 MHz
0:100  0:000  MaxDiv/MinDiv: 23.0/8
0:100  0:000  Turbo: 23/23/23/26
0:100  0:000  Features: 0xBFEBFBFF
0:100  0:000  Threads: 4
0:100  0:000  Cores: 2
0:100  0:000  FSB: 100 MHz
0:100  0:000  CPU: 1600 MHz
0:100  0:000  TSC: 1600 MHz
0:100  0:000  PIS: 100 MHz
0:100  0:000  ExternalClock: 25 MHz
0:100  0:000  === [ GetDevices ] ========================================
0:100  0:000  PCI (00|00:00.00) : 8086 0A04 class=060000
0:100  0:000  PCI (00|00:02.00) : 8086 0A16 class=030000
0:100  0:000   - GFX: Model=Intel HD Graphics 4400 (Intel)
0:100  0:000  PCI (00|00:03.00) : 8086 0A0C class=040300
0:100  0:000  PCI (00|00:04.00) : 8086 0A03 class=118000
0:100  0:000  PCI (00|00:14.00) : 8086 9C31 class=0C0330
0:100  0:000  PCI (00|00:16.00) : 8086 9C3A class=078000
0:100  0:000  PCI (00|00:16.01) : FFFF FFFF class=FFFFFF
0:100  0:000  PCI (00|00:1B.00) : 8086 9C20 class=040300
0:100  0:000  PCI (00|00:1C.00) : 8086 9C10 class=060400
0:100  0:000  PCI (00|00:1C.02) : 8086 9C14 class=060400
0:100  0:000  PCI (00|02:00.00) : 10EC 5287 class=FF0000
0:100  0:000  PCI (00|02:00.01) : 10EC 8168 class=020000
0:100  0:000   - LAN: 0 Vendor=Realtek
0:100  0:000  PCI (00|00:1C.03) : 8086 9C16 class=060400
0:100  0:000  PCI (00|03:00.00) : 168C 002B class=028000
0:100  0:000   - WIFI: Vendor=Atheros
0:100  0:000  PCI (00|00:1C.04) : 8086 9C18 class=060400
0:100  0:000  PCI (00|04:00.00) : 10DE 1341 class=030200
0:100  0:000  PCI (00|00:1D.00) : 8086 9C26 class=0C0320
0:100  0:000  PCI (00|00:1F.00) : 8086 9C43 class=060100
0:100  0:000  PCI (00|00:1F.02) : 8086 9C03 class=010601
0:100  0:000  PCI (00|00:1F.03) : 8086 9C22 class=0C0500
0:100  0:000  PCI (00|00:1F.06) : 8086 9C24 class=118000
0:100  0:000  === [ GetDefaultSettings ] ================================
0:100  0:000  Clover load options size = 0 bytes
0:106  0:005  EFI\CLOVER\config.plist loaded: Success
0:106  0:000  === [ GetListOfThemes ] ===================================
0:107  0:001  - [00]: BGM
0:114  0:006  - [01]: RANDOM
0:115  0:001  - [01]: EMBEDDED
0:118  0:002  === [ Found config plists ] ===============================
0:118  0:000  - config.plist
0:118  0:000  === [ GetEarlyUserSettings ] ==============================
0:118  0:000  timeout set to 5
0:118  0:000  Custom boot CUSTOM_BOOT_DISABLED (0x0)
0:118  0:000  KextsToPatch: 26 requested
0:118  0:000   - [00]: com.apple.driver.AppleIntelFramebufferAzul (Enable 9MB cursor bytes, 0x0a260006) :: BinPatch :: data len: 20
0:118  0:000   - [01]: com.apple.driver.AppleIntelFramebufferAzul (Enable 96MB DVMT-prealloc, 0x0a2e0008) :: BinPatch :: data len: 12
0:118  0:000   - patch disabled at config
0:118  0:000   - [02]: com.apple.driver.AppleIntelFramebufferAzul (Enable 128MB DVMT-prealloc, 0x0a2e0008) :: BinPatch :: data len: 12
0:118  0:000   - patch disabled at config
0:118  0:000   - [03]: com.apple.driver.AppleIntelFramebufferAzul (Enable 128MB DVMT-prealloc, 48MB framebuffer, 48MB cursor bytes, 0x0a260006) :: BinPatch :: data len: 20
0:118  0:000   - patch disabled at config
0:118  0:000   - [04]: com.apple.driver.AppleIntelFramebufferAzul (HDMI-audio, port 0105, 0x0a260005 0x0a260006, 0x0d220003, 0x0a2e000a, 0x0a26000a) :: BinPatch :: data len: 12
0:118  0:000   - patch disabled at config
0:118  0:000   - [05]: com.apple.driver.AppleIntelFramebufferAzul (HDMI-audio, port 0204, 0x0d220003, 0x0a2e000a, 0x0a26000a) :: BinPatch :: data len: 12
0:118  0:000   - patch disabled at config
0:118  0:000   - [06]: com.apple.driver.AppleIntelFramebufferAzul (HDMI-audio, port 0204, 0x0a260005 0x0a260006) :: BinPatch :: data len: 12
0:118  0:000   - patch disabled at config
0:118  0:000   - [07]: com.apple.driver.AppleIntelFramebufferAzul (HDMI-audio, port 0105, 0x0a2e0008, 0x0a16000c, 0x0a2e000d, 0x0a26000d) :: BinPatch :: data len: 12
0:118  0:000   - patch disabled at config
0:118  0:000   - [08]: com.apple.driver.AppleIntelFramebufferAzul (HDMI-audio, port 0204, 0x0a2e0008, 0x0a16000c, 0x0a2e000d, 0x0a26000d) :: BinPatch :: data len: 12
0:118  0:000   - patch disabled at config
0:118  0:000   - [09]: com.apple.driver.AppleIntelFramebufferAzul (HDMI-audio, port 0204, 0x0a2e0008, 0x0a16000c, 0x0a2e000d, 0x0a26000d) :: MatchOS: 10.12.x :: BinPatch :: data len: 12
0:118  0:000   - patch disabled at config
0:118  0:000   - [10]: com.apple.driver.AppleIntelFramebufferAzul (Enable internal display after sleep for 0x0a2e0008 on 10.10.2-10.12.x (c) syscl) :: MatchOS: 10.10.x,10.11.x,10.12.x :: BinPatch :: data len: 16
0:118  0:000   - patch disabled at config
0:118  0:000   - [11]: com.apple.driver.AppleIntelFramebufferAzul (Enable internal display after sleep for 0x0a2e0008 on 10.13.x (c) syscl) :: MatchOS: 10.13.x :: BinPatch :: data len: 16
0:118  0:000   - patch disabled at config
0:118  0:000   - [12]: AppleIntelFramebufferAzul (Enable internal display after sleep for 0x0a2e000a, 0x0a26000a) :: BinPatch :: data len: 16
0:118  0:000   - patch disabled at config
0:118  0:000   - [13]: com.apple.driver.AppleIntelFramebufferAzul (HDMI-audio, port 0105(12), 0x0a260005 0x0a260006, 0x0d220003, 0x0a2e000a, 0x0a26000a) :: BinPatch :: data len: 12
0:118  0:000   - patch disabled at config
0:118  0:000   - [14]: com.apple.driver.AppleIntelFramebufferAzul (HDMI-audio, port 0204(12), 0x0d220003, 0x0a2e000a, 0x0a26000a) :: BinPatch :: data len: 12
0:118  0:000   - patch disabled at config
0:118  0:000   - [15]: com.apple.driver.AppleIntelFramebufferAzul (HDMI-audio, port 0204(12), 0x0a260005 0x0a260006) :: BinPatch :: data len: 12
0:118  0:000   - patch disabled at config
0:118  0:000   - [16]: com.apple.driver.AppleIntelFramebufferAzul (HDMI-audio, port 0105(12), 0x0a2e0008, 0x0a16000c, 0x0a2e000d, 0x0a26000d) :: BinPatch :: data len: 12
0:118  0:000   - patch disabled at config
0:118  0:000   - [17]: com.apple.driver.AppleIntelFramebufferAzul (HDMI-audio, port 0204(12), 0x0a2e0008, 0x0a16000c, 0x0a2e000d, 0x0a26000d) :: BinPatch :: data len: 12
0:118  0:000   - patch disabled at config
0:118  0:000   - [18]: com.apple.driver.AppleIntelFramebufferAzul (HDMI-audio, port 0204(12), 0x0a2e0008, 0x0a16000c, 0x0a2e000d, 0x0a26000d) :: MatchOS: 10.12.x :: BinPatch :: data len: 12
0:118  0:000   - patch disabled at config
0:118  0:000   - [19]: com.apple.iokit.IOAHCIBlockStorage (Enable TRIM for SSD) :: BinPatch :: data len: 11
0:118  0:000   - [20]: com.apple.driver.AppleBacklight (change F%uT%04x to F%uTxxxx for AppleBacklightInjector.kext (credit RehabMan)) :: BinPatch :: data len: 9
0:118  0:000   - [21]: com.apple.driver.usb.AppleUSBXHCIPCI (change 15 port limit to 26 in XHCI kext) :: MatchOS: 10.11.x :: BinPatch :: data len: 7
0:118  0:000   - [22]: com.apple.driver.usb.AppleUSBXHCIPCI (change 15 port limit to 26 in XHCI kext) :: MatchOS: 10.12.x :: BinPatch :: data len: 7
0:118  0:000   - [23]: com.apple.driver.usb.AppleUSBXHCIPCI (change 15 port limit to 26 in XHCI kext) :: MatchOS: 10.13.0,10.13.1,10.13.2,10.13.3 :: BinPatch :: data len: 4
0:118  0:000   - [24]: com.apple.driver.usb.AppleUSBXHCI (disable port limit in XHCI kext (credit PMHeart)) :: MatchOS: 10.13.4 :: BinPatch :: data len: 10
0:118  0:000   - [25]: com.apple.driver.usb.AppleUSBXHCI (change 15 port limit to 26 in XHCI kext (credit FredWst)) :: MatchOS: 10.13.4 :: BinPatch :: data len: 8
0:118  0:000  KernelToPatch: 1 requested
0:118  0:000   - [00]: MSR 0xE2 _xcpm_idle instant reboot(c) Pike R. Alpha :: data len: 8
0:118  0:000  Default theme: BGM
0:118  0:000  Hiding entries with string Preboot
0:118  0:000  === [ LoadDrivers ] =======================================
0:120  0:002  Loading OsxFatBinaryDrv-64.efi  status=Success
0:121  0:001  Loading HFSPlus.efi  status=Success
0:122  0:001   - driver needs connecting
0:122  0:000  Loading DataHubDxe-64.efi  status=Success
0:129  0:006  Loading APFS.EFI  status=Success
0:136  0:007   - driver needs connecting
0:136  0:000  Loading FSInject-64.efi  status=Success
0:137  0:001  Loading AptioMemoryFix.efi  status=Success
0:138  0:000  2 drivers needs connecting ...
0:138  0:000  PlatformDriverOverrideProtocol not found. Installing ... Success
0:138  0:000  HFS+ driver loaded
0:138  0:000  APFS driver loaded
0:138  0:000  Searching for invalid DiskIo BY_DRIVER connects: not found, all ok
0:253  0:114  === [ InitScreen ] ========================================
0:253  0:000  SetMaxResolution: found best mode 0: 1366x768
0:253  0:000   - already set
0:253  0:000  Console modes reported: 4, available modes:
0:253  0:000   - [01]: 80x25
0:253  0:000   - [03]: 100x31
0:253  0:000   - [04]: 170x40 (current mode)
0:253  0:000  SetScreenResolution: 1366x768 - already set
0:253  0:000  reinit: self device path=PciRoot(0x0)\Pci(0x1F,0x2)\Sata(0x0,0xFFFF,0x0)\HD(1,GPT,77132E91-2140-43BD-9614-A5054420E5D4,0x28,0x64000)
0:254  0:000  Using embedded font: Success
0:255  0:001  === [ GetMacAddress ] =====================================
0:255  0:000   get legacy LAN MAC, 1 card found
0:255  0:000  Legacy MAC address of LAN #0= 40:16:7E:87:40:38:
0:255  0:000  === [ ScanSPD ] ===========================================
0:255  0:000  SMBus device : 8086 9C22 class=0C0500 status=Success
0:255  0:000  SMBus CmdReg: 0x3
0:255  0:000  Scanning SMBus [8086:9C22], mmio: 0xF7A21004, ioport: 0xF040, hostc: 0x11
0:255  0:000  Slots to scan [8]...
0:256  0:000  SPD[2]: Type 11 @0x52
0:274  0:018  Not using XMP because it is not present
0:274  0:000  DDR speed 1600MHz
0:274  0:000  Slot: 2 Type 24 4096MB 1600MHz Vendor=Kingston PartNo=99U5469-045.A00LF SerialNo=0008030403090902
0:275  0:000  === [ GetAcpiTablesList ] =================================
0:275  0:000  Get Acpi Tables List from RSDT:
0:275  0:000   - [00]: FACP  Notebook len=268
0:275  0:000   - [01]: APIC  Notebook len=114
0:275  0:000   - [02]: FPDT  Notebook len=68
0:275  0:000   - [03]: ECDT  Notebook len=193
0:275  0:000   - [04]: LPIT  Notebook len=92
0:275  0:000   - [05]: SSDT  zpoddult len=372
0:275  0:000   - [06]: SSDT  Cpu0Ist len=1337
0:275  0:000   - [07]: SSDT  CpuPm len=2776
0:275  0:000   - [08]: SSDT  Cpu0Tst len=734
0:275  0:000   - [09]: SSDT  ApTst len=840
0:275  0:000   - [10]: MCFG  Notebook len=60
0:275  0:000   - [11]: SSDT  DptfTabl len=12407
0:275  0:000   - [12]: HPET  Notebook len=56
0:275  0:000   - [13]: SSDT  SataTabl len=664
0:275  0:000   - [14]: SSDT  SaSsdt  len=16103
0:275  0:000   - [15]: SSDT  SgPch len=3153
0:275  0:000   - [16]: BGRT  Notebook len=56
0:275  0:000   - [17]: SSDT  OptTabl len=5182
0:275  0:000  Calibrated TSC Frequency = 2294695494 = 2294MHz
0:275  0:000  === [ GetUserSettings ] ===================================
0:275  0:000  Add 3 properties:
0:275  0:000   - [00]: NVidia, len: 9
0:275  0:000   - [01]: NVidia, len: 9
0:275  0:000   - [02]: NVidia, len: 4
0:275  0:000  USB FixOwnership: yes
0:275  0:000  Dropping 2 tables:
0:275  0:000   - [00]: Drop table  signature="#MCF" (46434D23)
0:275  0:000           - set table: 46434D23,                0 to drop: no
0:275  0:000   - [01]: Drop table  signature="DMAR" (52414D44)
0:275  0:000           - set table: 52414D44,                0 to drop: no
0:275  0:000   - final DSDT Fix mask=00000000
0:275  0:000  PatchesDSDT: 13 requested
0:275  0:000   - [00]: (change OSID to XSID (to avoid match against _OSI XOSI patch)) lenToFind: 4, lenToReplace: 4, Target Bridge: <null string>
0:275  0:000    patch disabled at config
0:275  0:000   - [01]: (change _OSI to XOSI) lenToFind: 4, lenToReplace: 4, Target Bridge: <null string>
0:275  0:000   - [02]: (change _DSM to XDSM) lenToFind: 4, lenToReplace: 4, Target Bridge: <null string>
0:275  0:000    patch disabled at config
0:275  0:000   - [03]: (change EC0 to EC) lenToFind: 4, lenToReplace: 4, Target Bridge: <null string>
0:275  0:000    patch disabled at config
0:275  0:000   - [04]: (change H_EC to EC) lenToFind: 4, lenToReplace: 4, Target Bridge: <null string>
0:275  0:000    patch disabled at config
0:275  0:000   - [05]: (change EHC1 to EH01) lenToFind: 4, lenToReplace: 4, Target Bridge: <null string>
0:275  0:000   - [06]: (change EHC2 to EH02) lenToFind: 4, lenToReplace: 4, Target Bridge: <null string>
0:275  0:000   - [07]: (change GFX0 to IGPU) lenToFind: 4, lenToReplace: 4, Target Bridge: <null string>
0:275  0:000   - [08]: (change PCI0.VID to IGPU #1 (Thinkpad)) lenToFind: 8, lenToReplace: 8, Target Bridge: <null string>
0:275  0:000   - [09]: (change PCI0.VID to IGPU #2 (Thinkpad)) lenToFind: 14, lenToReplace: 14, Target Bridge: <null string>
0:275  0:000   - [10]: (change B0D3 to HDAU) lenToFind: 4, lenToReplace: 4, Target Bridge: <null string>
0:275  0:000   - [11]: (change XHCI to XHC) lenToFind: 4, lenToReplace: 4, Target Bridge: <null string>
0:275  0:000   - [12]: (change XHC1 to XHC) lenToFind: 4, lenToReplace: 4, Target Bridge: <null string>
0:275  0:000  Using ProductName from config: MacBookPro11,1
0:275  0:000  BiosVersion: not set, Using BiosVersion from clover
0:275  0:000  BiosVersion: MBP111.88Z.0144.B00.1802021223
0:275  0:000  BiosReleaseDate: 02/02/2018
0:275  0:000  Using FirmwareFeatures from clover: 0xE80FE137
0:275  0:000  Using FirmwareFeaturesMask from clover: 0xFF1FFF3F
0:275  0:000  Using PlatformFeature from clover: 0x2
0:335  0:059  === [ ScanVolumes ] =======================================
0:335  0:000  Found 4 volumes with blockIO
0:335  0:000  - [00]: Volume: PciRoot(0x0)\Pci(0x1F,0x2)\Sata(0x0,0xFFFF,0x0)
0:336  0:000  - [01]: Volume: PciRoot(0x0)\Pci(0x1F,0x2)\Sata(0x0,0xFFFF,0x0)\HD(1,GPT,77132E91-2140-43BD-9614-A5054420E5D4,0x28,0x64000)
0:336  0:000          Result of bootcode detection: bootable unknown (legacy)
0:346  0:009          This is SelfVolume !!
0:346  0:000  - [02]: Volume: PciRoot(0x0)\Pci(0x1F,0x2)\Sata(0x0,0xFFFF,0x0)\HD(2,GPT,67E2EF8D-57B0-43FC-8862-FFBD83A3646A,0x64028,0x1D02BA00)
0:346  0:000  - [03]: Volume: PciRoot(0x0)\Pci(0x1F,0x2)\Sata(0x0,0xFFFF,0x0)\HD(3,GPT,370DEF39-ED33-40E5-A71D-245BDB60BAF7,0x1D08FA28,0x135F20)
0:347  0:000  === [ InitTheme ] =========================================
0:356  0:009  Using theme 'BGM' (EFI\CLOVER\themes\BGM)
0:356  0:000  OS main and drive as badge
0:359  0:002  Loading font from ThemeDir: Success
0:359  0:000  Choosing theme BGM
0:359  0:000  after NVRAM boot-args=nv_disable=1 dart=0 kext-dev-mode=1 abm_firstpolldelay=16000 -v -lilubetaall
0:359  0:000  === [ Dump SMC keys from NVRAM ] ==========================
0:359  0:000  no AppleSMC protocol
0:363  0:003  === [ AddCustomEntries ] ==================================
0:363  0:000  Custom entry 0 Title:"Recovery" Path:"\com.apple.recovery.boot\boot.efi" Type:10 Flags:0x6 matching all volumes
0:363  0:000      Checking volume "EFI" (PciRoot(0x0)\Pci(0x1F,0x2)\Sata(0x0,0xFFFF,0x0)\HD(1,GPT,77132E91-2140-43BD-9614-A5054420E5D4,0x28,0x64000)) ... skipped because path does not exist
0:363  0:000      Checking volume "macferOS" (PciRoot(0x0)\Pci(0x1F,0x2)\Sata(0x0,0xFFFF,0x0)\HD(2,GPT,67E2EF8D-57B0-43FC-8862-FFBD83A3646A,0x64028,0x1D02BA00)) ... skipped because path does not exist
0:363  0:000      Checking volume "Recovery HD" (PciRoot(0x0)\Pci(0x1F,0x2)\Sata(0x0,0xFFFF,0x0)\HD(3,GPT,370DEF39-ED33-40E5-A71D-245BDB60BAF7,0x1D08FA28,0x135F20)) ... match!
0:376  0:012  Custom settings: <null string>.plist will  be applied
0:376  0:000  Custom entry 1 Title:"Windows" Path:"\EFI\Microsoft\Boot\bootmgfw.efi" Options:"-s -h" Type:7 Flags:0x0 matching all volumes
0:376  0:000      Checking volume "EFI" (PciRoot(0x0)\Pci(0x1F,0x2)\Sata(0x0,0xFFFF,0x0)\HD(1,GPT,77132E91-2140-43BD-9614-A5054420E5D4,0x28,0x64000)) ... skipped because path does not exist
0:376  0:000      Checking volume "macferOS" (PciRoot(0x0)\Pci(0x1F,0x2)\Sata(0x0,0xFFFF,0x0)\HD(2,GPT,67E2EF8D-57B0-43FC-8862-FFBD83A3646A,0x64028,0x1D02BA00)) ... skipped because path does not exist
0:376  0:000      Checking volume "Recovery HD" (PciRoot(0x0)\Pci(0x1F,0x2)\Sata(0x0,0xFFFF,0x0)\HD(3,GPT,370DEF39-ED33-40E5-A71D-245BDB60BAF7,0x1D08FA28,0x135F20)) ... skipped because path does not exist
0:376  0:000  === [ ScanLoader ] ========================================
0:376  0:000  - [01]: 'EFI'
0:397  0:020  - [02]: 'macferOS'
0:402  0:004          AddLoaderEntry for Volume Name=macferOS
0:404  0:002      hibernated: set as never
0:406  0:001          [!] Icon 17 (icons\vol_internal_hfs.icns) not found (path: EFI\CLOVER\themes\BGM)
0:428  0:022  - [03]: 'Recovery HD'
0:428  0:000          AddLoaderEntry for Volume Name=Recovery HD
0:428  0:000       skipped because path `PciRoot(0x0)\Pci(0x1F,0x2)\Sata(0x0,0xFFFF,0x0)\HD(3,GPT,370DEF39-ED33-40E5-A71D-245BDB60BAF7,0x1D08FA28,0x135F20)\com.apple.recovery.boot\boot.efii` already exists for another entry!
0:449  0:020  === [ AddCustomTool ] =====================================
0:453  0:004  found tool \EFI\CLOVER\tools\Shell64U.efi
0:453  0:000  Checking EFI partition Volume 1 for Clover
0:454  0:000   Found Clover
0:458  0:003  === [ GetEfiBootDeviceFromNvram ] =========================
0:458  0:000   - efi-boot-device-data: PciRoot(0x0)\Pci(0x1F,0x2)\Sata(0x0,0x0,0x0)\HD(2,GPT,67E2EF8D-57B0-43FC-8862-FFBD83A3646A,0x64028,0x1D02BA00)
0:458  0:000    - Volume: 'PciRoot(0x0)\Pci(0x1F,0x2)\Sata(0x0,0x0,0x0)\HD(2,GPT,67E2EF8D-57B0-43FC-8862-FFBD83A3646A,0x64028,0x1D02BA00)'
0:458  0:000    - LoaderPath: '<null string>'
0:458  0:000    - Guid = 67E2EF8D-57B0-43FC-8862-FFBD83A3646A
0:458  0:000  === [ FindStartupDiskVolume ] =============================
0:458  0:000    - Volume: partition = PciRoot(0x0)\Pci(0x1F,0x2)\Sata(0x0,0x0,0x0)\HD(2,GPT,67E2EF8D-57B0-43FC-8862-FFBD83A3646A,0x64028,0x1D02BA00)
0:458  0:000     - searching for that partition
0:458  0:000      - found entry 1. 'Boot macOS from macferOS', Volume 'macferOS'
0:458  0:000  Boot redirected to Entry 1. 'Boot macOS from macferOS'
0:458  0:000  DefaultIndex=1 and MainMenu.EntryCount=8
0:873  0:414  GUI ready
2:600  1:727  Found BIOS RSDP at F0000
2:600  0:000  Printing ACPI tables from RSDP F0000 ...
2:600  0:000   F0000: 'RSD PTR ', Rev: 2 (Acpi 2.0 or newer), Len: 36
2:600  0:000    (Xsdt: C9EC3098, Rsdt: C9EC3028)
2:600  0:000    C9EC3098: 'XSDT', 'Notebook', Rev: 1, Len: 180
2:600  0:000    C9EC3028: 'RSDT', 'Notebook', Rev: 1, Len: 108
2:600  0:000    Tables in Xsdt: 18
2:600  0:000    0. C9ED9240: 'FACP', 'Notebook', Rev: 5, Len: 268
2:600  0:000        (Dsdt: C9EC3270, Facs: CAB4A080, XDsdt: C9EC3270, XFacs: 0)
2:600  0:000        C9EC3270: 'DSDT', 'Notebook', Rev: 2, Len: 90064
2:600  0:000        CAB4A080: 'FACS', Ver: 2, Len: 64
2:600  0:000    1. C9ED9350: 'APIC', 'Notebook', Rev: 3, Len: 114
2:600  0:000    2. C9ED93C8: 'FPDT', 'Notebook', Rev: 1, Len: 68
2:600  0:000    3. C9ED9410: 'ECDT', 'Notebook', Rev: 1, Len: 193
2:600  0:000    4. C9ED94D8: 'LPIT', 'Notebook', Rev: 1, Len: 92
2:600  0:000    5. C9ED9538: 'SSDT', 'zpoddult', Rev: 1, Len: 372
2:600  0:000    6. C9ED96B0: 'SSDT', 'Cpu0Ist', Rev: 1, Len: 1337
2:600  0:000    7. C9ED9BF0: 'SSDT', 'CpuPm', Rev: 1, Len: 2776
2:600  0:000    8. C9EDA6C8: 'SSDT', 'Cpu0Tst', Rev: 1, Len: 734
2:600  0:000    9. C9EDA9A8: 'SSDT', 'ApTst', Rev: 1, Len: 840
2:600  0:000    10. C9EDACF0: 'MCFG', 'Notebook', Rev: 1, Len: 60
2:600  0:000    11. C9EDAD30: 'SSDT', 'DptfTabl', Rev: 1, Len: 12407
2:600  0:000    12. C9EDDDA8: 'HPET', 'Notebook', Rev: 1, Len: 56
2:600  0:000    13. C9EDDDE0: 'SSDT', 'SataTabl', Rev: 1, Len: 664
2:600  0:000    14. C9EDE078: 'SSDT', 'SaSsdt', Rev: 1, Len: 16103
2:600  0:000    15. C9EE1F60: 'SSDT', 'SgPch', Rev: 1, Len: 3153
2:600  0:000    16. C9EE2BB8: 'BGRT', 'Notebook', Rev: 0, Len: 56
2:600  0:000    17. C9EE2BF0: 'SSDT', 'OptTabl', Rev: 1, Len: 5182
2:600  0:000    Tables in Rsdt: 18
2:600  0:000    0. C9EC3160: 'FACP', 'Notebook', Rev: 2, Len: 268
2:600  0:000        (Dsdt: C9EC3270, Facs: CAB4A040)
2:601  0:000        C9EC3270: 'DSDT', 'Notebook', Rev: 2, Len: 90064
2:601  0:000        CAB4A040: 'FACS', Ver: 0, Len: 64
2:601  0:000    1. C9ED9350: 'APIC', 'Notebook', Rev: 3, Len: 114
2:601  0:000    2. C9ED93C8: 'FPDT', 'Notebook', Rev: 1, Len: 68
2:601  0:000    3. C9ED9410: 'ECDT', 'Notebook', Rev: 1, Len: 193
2:601  0:000    4. C9ED94D8: 'LPIT', 'Notebook', Rev: 1, Len: 92
2:601  0:000    5. C9ED9538: 'SSDT', 'zpoddult', Rev: 1, Len: 372
2:601  0:000    6. C9ED96B0: 'SSDT', 'Cpu0Ist', Rev: 1, Len: 1337
2:601  0:000    7. C9ED9BF0: 'SSDT', 'CpuPm', Rev: 1, Len: 2776
2:601  0:000    8. C9EDA6C8: 'SSDT', 'Cpu0Tst', Rev: 1, Len: 734
2:601  0:000    9. C9EDA9A8: 'SSDT', 'ApTst', Rev: 1, Len: 840
2:601  0:000    10. C9EDACF0: 'MCFG', 'Notebook', Rev: 1, Len: 60
2:601  0:000    11. C9EDAD30: 'SSDT', 'DptfTabl', Rev: 1, Len: 12407
2:601  0:000    12. C9EDDDA8: 'HPET', 'Notebook', Rev: 1, Len: 56
2:601  0:000    13. C9EDDDE0: 'SSDT', 'SataTabl', Rev: 1, Len: 664
2:601  0:000    14. C9EDE078: 'SSDT', 'SaSsdt', Rev: 1, Len: 16103
2:601  0:000    15. C9EE1F60: 'SSDT', 'SgPch', Rev: 1, Len: 3153
2:601  0:000    16. C9EE2BB8: 'BGRT', 'Notebook', Rev: 0, Len: 56
2:601  0:000    17. C9EE2BF0: 'SSDT', 'OptTabl', Rev: 1, Len: 5182
2:601  0:000  Found UEFI Acpi 2.0 RSDP at C9EC3000
2:601  0:000  Saving ACPI tables from RSDP C9EC3000 to EFI\CLOVER\ACPI\origin ...
2:601  0:000   C9EC3000: 'RSD PTR ', Rev: 2 (Acpi 2.0 or newer), Len: 36 -> RSDP.aml
2:608  0:007    (Xsdt: C9EC3098, Rsdt: C9EC3028)
2:608  0:000    C9EC3098: 'XSDT', 'Notebook', Rev: 1, Len: 180 -> XSDT.aml
2:612  0:003    C9EC3028: 'RSDT', 'Notebook', Rev: 1, Len: 108 -> RSDT.aml
2:616  0:003    Tables in Xsdt: 18
2:616  0:000    0. C9ED9240: 'FACP', 'Notebook', Rev: 5, Len: 268 -> FACP.aml
2:619  0:003        (Dsdt: C9EC3270, Facs: CAB4A080, XDsdt: C9EC3270, XFacs: 0)
2:619  0:000        C9EC3270: 'DSDT', 'Notebook', Rev: 2, Len: 90064 -> DSDT.aml
2:625  0:005        CAB4A080: 'FACS', Ver: 2, Len: 64 -> FACS.aml
2:628  0:003    1. C9ED9350: 'APIC', 'Notebook', Rev: 3, Len: 114 -> APIC.aml
2:632  0:003    2. C9ED93C8: 'FPDT', 'Notebook', Rev: 1, Len: 68 -> FPDT.aml
2:635  0:002    3. C9ED9410: 'ECDT', 'Notebook', Rev: 1, Len: 193 -> ECDT.aml
2:637  0:002    4. C9ED94D8: 'LPIT', 'Notebook', Rev: 1, Len: 92 -> LPIT.aml
2:640  0:002    5. C9ED9538: 'SSDT', 'zpoddult', Rev: 1, Len: 372 -> SSDT-0.aml
2:643  0:002    6. C9ED96B0: 'SSDT', 'Cpu0Ist', Rev: 1, Len: 1337 -> SSDT-1.aml
2:645  0:002    7. C9ED9BF0: 'SSDT', 'CpuPm', Rev: 1, Len: 2776 -> SSDT-2.aml
2:651  0:005    8. C9EDA6C8: 'SSDT', 'Cpu0Tst', Rev: 1, Len: 734 -> SSDT-3.aml
2:655  0:003    9. C9EDA9A8: 'SSDT', 'ApTst', Rev: 1, Len: 840 -> SSDT-4.aml
2:657  0:002    10. C9EDACF0: 'MCFG', 'Notebook', Rev: 1, Len: 60 -> MCFG.aml
2:660  0:003    11. C9EDAD30: 'SSDT', 'DptfTabl', Rev: 1, Len: 12407 -> SSDT-5.aml
2:663  0:002    12. C9EDDDA8: 'HPET', 'Notebook', Rev: 1, Len: 56 -> HPET.aml
2:667  0:003    13. C9EDDDE0: 'SSDT', 'SataTabl', Rev: 1, Len: 664 -> SSDT-6.aml
2:670  0:003    14. C9EDE078: 'SSDT', 'SaSsdt', Rev: 1, Len: 16103 -> SSDT-7.aml
2:674  0:003    15. C9EE1F60: 'SSDT', 'SgPch', Rev: 1, Len: 3153 -> SSDT-8.aml
2:677  0:002    16. C9EE2BB8: 'BGRT', 'Notebook', Rev: 0, Len: 56 -> BGRT.aml
2:680  0:003    17. C9EE2BF0: 'SSDT', 'OptTabl', Rev: 1, Len: 5182 -> SSDT-9.aml
2:682  0:002    Tables in Rsdt: 18
2:682  0:000    0. C9EC3160: 'FACP', 'Notebook', Rev: 2, Len: 268 -> RSDT-FACP.aml
2:686  0:003        (Dsdt: C9EC3270, Facs: CAB4A040)
2:686  0:000        C9EC3270: 'DSDT', 'Notebook', Rev: 2, Len: 90064
2:686  0:000        CAB4A040: 'FACS', Ver: 0, Len: 64 -> RSDT-FACS.aml
2:690  0:003    1. C9ED9350: 'APIC', 'Notebook', Rev: 3, Len: 114
2:690  0:000    2. C9ED93C8: 'FPDT', 'Notebook', Rev: 1, Len: 68
2:690  0:000    3. C9ED9410: 'ECDT', 'Notebook', Rev: 1, Len: 193
2:690  0:000    4. C9ED94D8: 'LPIT', 'Notebook', Rev: 1, Len: 92
2:690  0:000    5. C9ED9538: 'SSDT', 'zpoddult', Rev: 1, Len: 372
2:690  0:000    6. C9ED96B0: 'SSDT', 'Cpu0Ist', Rev: 1, Len: 1337
2:690  0:000    7. C9ED9BF0: 'SSDT', 'CpuPm', Rev: 1, Len: 2776
2:690  0:000    8. C9EDA6C8: 'SSDT', 'Cpu0Tst', Rev: 1, Len: 734
2:690  0:000    9. C9EDA9A8: 'SSDT', 'ApTst', Rev: 1, Len: 840
2:690  0:000    10. C9EDACF0: 'MCFG', 'Notebook', Rev: 1, Len: 60
2:690  0:000    11. C9EDAD30: 'SSDT', 'DptfTabl', Rev: 1, Len: 12407
2:690  0:000    12. C9EDDDA8: 'HPET', 'Notebook', Rev: 1, Len: 56
2:690  0:000    13. C9EDDDE0: 'SSDT', 'SataTabl', Rev: 1, Len: 664
2:690  0:000    14. C9EDE078: 'SSDT', 'SaSsdt', Rev: 1, Len: 16103
2:690  0:000    15. C9EE1F60: 'SSDT', 'SgPch', Rev: 1, Len: 3153
2:690  0:000    16. C9EE2BB8: 'BGRT', 'Notebook', Rev: 0, Len: 56
2:690  0:000    17. C9EE2BF0: 'SSDT', 'OptTabl', Rev: 1, Len: 5182
2:690  0:000  Found UEFI Acpi 1.0 RSDP at C9EC3000
2:690  0:000  Printing ACPI tables from RSDP C9EC3000 ...
2:690  0:000   C9EC3000: 'RSD PTR ', Rev: 2 (Acpi 2.0 or newer), Len: 36
2:690  0:000    (Xsdt: C9EC3098, Rsdt: C9EC3028)
2:690  0:000    C9EC3098: 'XSDT', 'Notebook', Rev: 1, Len: 180
2:690  0:000    C9EC3028: 'RSDT', 'Notebook', Rev: 1, Len: 108
2:690  0:000    Tables in Xsdt: 18
2:690  0:000    0. C9ED9240: 'FACP', 'Notebook', Rev: 5, Len: 268
2:690  0:000        (Dsdt: C9EC3270, Facs: CAB4A080, XDsdt: C9EC3270, XFacs: 0)
2:690  0:000        C9EC3270: 'DSDT', 'Notebook', Rev: 2, Len: 90064
2:690  0:000        CAB4A080: 'FACS', Ver: 2, Len: 64
2:690  0:000    1. C9ED9350: 'APIC', 'Notebook', Rev: 3, Len: 114
2:690  0:000    2. C9ED93C8: 'FPDT', 'Notebook', Rev: 1, Len: 68
2:690  0:000    3. C9ED9410: 'ECDT', 'Notebook', Rev: 1, Len: 193
2:690  0:000    4. C9ED94D8: 'LPIT', 'Notebook', Rev: 1, Len: 92
2:690  0:000    5. C9ED9538: 'SSDT', 'zpoddult', Rev: 1, Len: 372
2:690  0:000    6. C9ED96B0: 'SSDT', 'Cpu0Ist', Rev: 1, Len: 1337
2:690  0:000    7. C9ED9BF0: 'SSDT', 'CpuPm', Rev: 1, Len: 2776
2:690  0:000    8. C9EDA6C8: 'SSDT', 'Cpu0Tst', Rev: 1, Len: 734
2:690  0:000    9. C9EDA9A8: 'SSDT', 'ApTst', Rev: 1, Len: 840
2:690  0:000    10. C9EDACF0: 'MCFG', 'Notebook', Rev: 1, Len: 60
2:690  0:000    11. C9EDAD30: 'SSDT', 'DptfTabl', Rev: 1, Len: 12407
2:690  0:000    12. C9EDDDA8: 'HPET', 'Notebook', Rev: 1, Len: 56
2:690  0:000    13. C9EDDDE0: 'SSDT', 'SataTabl', Rev: 1, Len: 664
2:690  0:000    14. C9EDE078: 'SSDT', 'SaSsdt', Rev: 1, Len: 16103
2:690  0:000    15. C9EE1F60: 'SSDT', 'SgPch', Rev: 1, Len: 3153
2:690  0:000    16. C9EE2BB8: 'BGRT', 'Notebook', Rev: 0, Len: 56
2:690  0:000    17. C9EE2BF0: 'SSDT', 'OptTabl', Rev: 1, Len: 5182
2:690  0:000    Tables in Rsdt: 18
2:690  0:000    0. C9EC3160: 'FACP', 'Notebook', Rev: 2, Len: 268
2:690  0:000        (Dsdt: C9EC3270, Facs: CAB4A040)
2:690  0:000        C9EC3270: 'DSDT', 'Notebook', Rev: 2, Len: 90064
2:690  0:000        CAB4A040: 'FACS', Ver: 0, Len: 64
2:690  0:000    1. C9ED9350: 'APIC', 'Notebook', Rev: 3, Len: 114
2:690  0:000    2. C9ED93C8: 'FPDT', 'Notebook', Rev: 1, Len: 68
2:690  0:000    3. C9ED9410: 'ECDT', 'Notebook', Rev: 1, Len: 193
2:690  0:000    4. C9ED94D8: 'LPIT', 'Notebook', Rev: 1, Len: 92
2:690  0:000    5. C9ED9538: 'SSDT', 'zpoddult', Rev: 1, Len: 372
2:690  0:000    6. C9ED96B0: 'SSDT', 'Cpu0Ist', Rev: 1, Len: 1337
2:690  0:000    7. C9ED9BF0: 'SSDT', 'CpuPm', Rev: 1, Len: 2776
2:690  0:000    8. C9EDA6C8: 'SSDT', 'Cpu0Tst', Rev: 1, Len: 734
2:690  0:000    9. C9EDA9A8: 'SSDT', 'ApTst', Rev: 1, Len: 840
2:690  0:000    10. C9EDACF0: 'MCFG', 'Notebook', Rev: 1, Len: 60
2:690  0:000    11. C9EDAD30: 'SSDT', 'DptfTabl', Rev: 1, Len: 12407
2:690  0:000    12. C9EDDDA8: 'HPET', 'Notebook', Rev: 1, Len: 56
2:690  0:000    13. C9EDDDE0: 'SSDT', 'SataTabl', Rev: 1, Len: 664
2:690  0:000    14. C9EDE078: 'SSDT', 'SaSsdt', Rev: 1, Len: 16103
2:690  0:000    15. C9EE1F60: 'SSDT', 'SgPch', Rev: 1, Len: 3153
2:690  0:000    16. C9EE2BB8: 'BGRT', 'Notebook', Rev: 0, Len: 56
2:690  0:000    17. C9EE2BF0: 'SSDT', 'OptTabl', Rev: 1, Len: 5182
5:112  2:422  Boot option Boot0000 not found
5:112  0:000  === [ StartLoader ] =======================================
5:112  0:000  Finally: ExternalClock=24MHz BusSpeed=99769kHz CPUFreq=2295MHz PIS: hw.busfrequency=96000000Hz
5:112  0:000  Loading boot.efi  status=Success
5:149  0:037  GetOSVersion: 10.13.6 (17G65)
5:149  0:000  CSR_CFG: CSR_ALLOW_UNTRUSTED_KEXTS | CSR_ALLOW_UNRESTRICTED_FS | CSR_ALLOW_TASK_FOR_PID | CSR_ALLOW_UNRESTRICTED_DTRACE | CSR_ALLOW_UNRESTRICTED_NVRAM
5:150  0:000  Filtering KextPatches:
5:150  0:000   - [00]: com.apple.driver.AppleIntelFramebufferAzul (Enable 9MB cursor bytes, 0x0a260006) :: BinPatch :: [OS: 10.13.6 | MatchOS: All | MatchBuild: All] ==> allowed
5:150  0:000   - [01]: com.apple.driver.AppleIntelFramebufferAzul (Enable 96MB DVMT-prealloc, 0x0a2e0008) :: BinPatch :: [OS: 10.13.6 | MatchOS: All | MatchBuild: All] ==> disabled by user
5:150  0:000   - [02]: com.apple.driver.AppleIntelFramebufferAzul (Enable 128MB DVMT-prealloc, 0x0a2e0008) :: BinPatch :: [OS: 10.13.6 | MatchOS: All | MatchBuild: All] ==> disabled by user
5:150  0:000   - [03]: com.apple.driver.AppleIntelFramebufferAzul (Enable 128MB DVMT-prealloc, 48MB framebuffer, 48MB cursor bytes, 0x0a260006) :: BinPatch :: [OS: 10.13.6 | MatchOS: All | MatchBuild: All] ==> disabled by user
5:150  0:000   - [04]: com.apple.driver.AppleIntelFramebufferAzul (HDMI-audio, port 0105, 0x0a260005 0x0a260006, 0x0d220003, 0x0a2e000a, 0x0a26000a) :: BinPatch :: [OS: 10.13.6 | MatchOS: All | MatchBuild: All] ==> disabled by user
5:150  0:000   - [05]: com.apple.driver.AppleIntelFramebufferAzul (HDMI-audio, port 0204, 0x0d220003, 0x0a2e000a, 0x0a26000a) :: BinPatch :: [OS: 10.13.6 | MatchOS: All | MatchBuild: All] ==> disabled by user
5:150  0:000   - [06]: com.apple.driver.AppleIntelFramebufferAzul (HDMI-audio, port 0204, 0x0a260005 0x0a260006) :: BinPatch :: [OS: 10.13.6 | MatchOS: All | MatchBuild: All] ==> disabled by user
5:150  0:000   - [07]: com.apple.driver.AppleIntelFramebufferAzul (HDMI-audio, port 0105, 0x0a2e0008, 0x0a16000c, 0x0a2e000d, 0x0a26000d) :: BinPatch :: [OS: 10.13.6 | MatchOS: All | MatchBuild: All] ==> disabled by user
5:150  0:000   - [08]: com.apple.driver.AppleIntelFramebufferAzul (HDMI-audio, port 0204, 0x0a2e0008, 0x0a16000c, 0x0a2e000d, 0x0a26000d) :: BinPatch :: [OS: 10.13.6 | MatchOS: All | MatchBuild: All] ==> disabled by user
5:150  0:000   - [09]: com.apple.driver.AppleIntelFramebufferAzul (HDMI-audio, port 0204, 0x0a2e0008, 0x0a16000c, 0x0a2e000d, 0x0a26000d) :: BinPatch :: [OS: 10.13.6 | MatchOS: 10.12.x | MatchBuild: All] ==> disabled by user
5:150  0:000   - [10]: com.apple.driver.AppleIntelFramebufferAzul (Enable internal display after sleep for 0x0a2e0008 on 10.10.2-10.12.x (c) syscl) :: BinPatch :: [OS: 10.13.6 | MatchOS: 10.10.x,10.11.x,10.12.x | MatchBuild: All] ==> disabled by user
5:150  0:000   - [11]: com.apple.driver.AppleIntelFramebufferAzul (Enable internal display after sleep for 0x0a2e0008 on 10.13.x (c) syscl) :: BinPatch :: [OS: 10.13.6 | MatchOS: 10.13.x | MatchBuild: All] ==> disabled by user
5:150  0:000   - [12]: AppleIntelFramebufferAzul (Enable internal display after sleep for 0x0a2e000a, 0x0a26000a) :: BinPatch :: [OS: 10.13.6 | MatchOS: All | MatchBuild: All] ==> disabled by user
5:150  0:000   - [13]: com.apple.driver.AppleIntelFramebufferAzul (HDMI-audio, port 0105(12), 0x0a260005 0x0a260006, 0x0d220003, 0x0a2e000a, 0x0a26000a) :: BinPatch :: [OS: 10.13.6 | MatchOS: All | MatchBuild: All] ==> disabled by user
5:150  0:000   - [14]: com.apple.driver.AppleIntelFramebufferAzul (HDMI-audio, port 0204(12), 0x0d220003, 0x0a2e000a, 0x0a26000a) :: BinPatch :: [OS: 10.13.6 | MatchOS: All | MatchBuild: All] ==> disabled by user
5:150  0:000   - [15]: com.apple.driver.AppleIntelFramebufferAzul (HDMI-audio, port 0204(12), 0x0a260005 0x0a260006) :: BinPatch :: [OS: 10.13.6 | MatchOS: All | MatchBuild: All] ==> disabled by user
5:150  0:000   - [16]: com.apple.driver.AppleIntelFramebufferAzul (HDMI-audio, port 0105(12), 0x0a2e0008, 0x0a16000c, 0x0a2e000d, 0x0a26000d) :: BinPatch :: [OS: 10.13.6 | MatchOS: All | MatchBuild: All] ==> disabled by user
5:150  0:000   - [17]: com.apple.driver.AppleIntelFramebufferAzul (HDMI-audio, port 0204(12), 0x0a2e0008, 0x0a16000c, 0x0a2e000d, 0x0a26000d) :: BinPatch :: [OS: 10.13.6 | MatchOS: All | MatchBuild: All] ==> disabled by user
5:150  0:000   - [18]: com.apple.driver.AppleIntelFramebufferAzul (HDMI-audio, port 0204(12), 0x0a2e0008, 0x0a16000c, 0x0a2e000d, 0x0a26000d) :: BinPatch :: [OS: 10.13.6 | MatchOS: 10.12.x | MatchBuild: All] ==> disabled by user
5:150  0:000   - [19]: com.apple.iokit.IOAHCIBlockStorage (Enable TRIM for SSD) :: BinPatch :: [OS: 10.13.6 | MatchOS: All | MatchBuild: All] ==> allowed
5:150  0:000   - [20]: com.apple.driver.AppleBacklight (change F%uT%04x to F%uTxxxx for AppleBacklightInjector.kext (credit RehabMan)) :: BinPatch :: [OS: 10.13.6 | MatchOS: All | MatchBuild: All] ==> allowed
5:150  0:000   - [21]: com.apple.driver.usb.AppleUSBXHCIPCI (change 15 port limit to 26 in XHCI kext) :: BinPatch :: [OS: 10.13.6 | MatchOS: 10.11.x | MatchBuild: All] ==> not allowed
5:150  0:000   - [22]: com.apple.driver.usb.AppleUSBXHCIPCI (change 15 port limit to 26 in XHCI kext) :: BinPatch :: [OS: 10.13.6 | MatchOS: 10.12.x | MatchBuild: All] ==> not allowed
5:150  0:000   - [23]: com.apple.driver.usb.AppleUSBXHCIPCI (change 15 port limit to 26 in XHCI kext) :: BinPatch :: [OS: 10.13.6 | MatchOS: 10.13.0,10.13.1,10.13.2,10.13.3 | MatchBuild: All] ==> not allowed
5:150  0:000   - [24]: com.apple.driver.usb.AppleUSBXHCI (disable port limit in XHCI kext (credit PMHeart)) :: BinPatch :: [OS: 10.13.6 | MatchOS: 10.13.4 | MatchBuild: All] ==> not allowed
5:150  0:000   - [25]: com.apple.driver.usb.AppleUSBXHCI (change 15 port limit to 26 in XHCI kext (credit FredWst)) :: BinPatch :: [OS: 10.13.6 | MatchOS: 10.13.4 | MatchBuild: All] ==> not allowed
5:150  0:000  Filtering KernelPatches:
5:150  0:000   - [00]: MSR 0xE2 _xcpm_idle instant reboot(c) Pike R. Alpha :: [OS: 10.13.6 | MatchOS: All | MatchBuild: no] ==> allowed by OS
5:150  0:000  Will not patch boot.efi
5:150  0:000  === [ PatchSmbios ] =======================================
5:150  0:000  insert table 9 for dev 0:1
5:150  0:000  insert table 9 for dev 0:0
5:151  0:000  Trusting SMBIOS...
5:151  0:000  Channels: 1
5:151  0:000  Interleave: 0 1 2 3 4 5 6 7 8 9 10 11 12 13 14 15 16 17 18 19 20 21 22 23
5:151  0:000   partNum unknown
5:151  0:000  SMBIOS Type 17 Index = 0 => 0 0:
5:151  0:000  BANK 0 DIMM0 1600MHz 4096MB
5:151  0:000  SMBIOS Type 17 Index = 1 => 1 1:
5:151  0:000  BANK 0 DIMM1 EMPTY
5:151  0:000   partNum=99U5469-045.A00LF 
5:151  0:000  SMBIOS Type 17 Index = 2 => 2 2:
5:151  0:000  BANK 0 DIMM2 1600MHz 4096MB
5:151  0:000  mTotalSystemMemory = 8192
5:151  0:000  NumberOfMemoryDevices = 3
5:151  0:000  Type20[0]->End = 0x3FFFFF, Type17[0] = 0x1000
5:151  0:000  Type20[1]->End = 0x7FFFFF, Type17[2] = 0x3000
5:151  0:000  Table 131 is present, CPUType=31
5:151  0:000  Change to: 605
5:151  0:000  === [ PatchACPI ] =========================================
5:151  0:000  Xsdt reallocation done
5:151  0:000  old FADT length=10C
5:151  0:000   SignatureFixup: 0x32 -> 0x0
5:152  0:001  DSDT found in Clover volume OEM folder: EFI\CLOVER\ACPI\patched\DSDT.aml
5:155  0:002  Apply DsdtFixMask=0x00000000
5:155  0:000     drop _DSM mask=0xFFFF
5:155  0:000  === [ FixBiosDsdt ] =======================================
5:155  0:000  VideoCard devID=0xA168086
5:155  0:000  DisplayADR1[0] = 0x20000, DisplayADR2[0] = 0xFFFE
5:155  0:000  USBADR[0] = 0x140000 and PCIe = 0xFFFE
5:155  0:000  Found Airport Atheros at 0x1C0003, 0x0, DeviceID=0x002B
5:155  0:000  USBADR[1] = 0x1D0000 and PCIe = 0xFFFE
5:155  0:000  Patching DSDT:
5:155  0:000   - [change OSID to XSID (to avoid match against _OSI XOSI patch)]: disabled
5:155  0:000   - [change _OSI to XOSI]: pattern 5F4F5349, patched at: [ (BA9A) (3) (11) (18) (1C) (1C) (1A) (18) (19) (8) (18) (B7C) (8) ]
5:155  0:000   - [change _DSM to XDSM]: disabled
5:155  0:000   - [change EC0 to EC]: disabled
5:155  0:000   - [change H_EC to EC]: disabled
5:155  0:000   - [change EHC1 to EH01]: pattern 45484331, patched at: [ (4C0B) (7E33) (F) (10) (9C47) ]
5:156  0:000   - [change EHC2 to EH02]: pattern 45484332, patched at: [ (523E) (783B) (F) (10) (9DD1) ]
5:156  0:000   - [change GFX0 to IGPU]: pattern 47465830, bin not found / already patched!
5:156  0:000   - [change PCI0.VID to IGPU #1 (Thinkpad)]: pattern 50434930, bin not found / already patched!
5:156  0:000   - [change PCI0.VID to IGPU #2 (Thinkpad)]: pattern 5649445F, bin not found / already patched!
5:157  0:000   - [change B0D3 to HDAU]: pattern 42304433, bin not found / already patched!
5:157  0:000   - [change XHCI to XHC]: pattern 58484349, patched at: [ (8FD) (5447) (73) (3) (49) (3) ]
5:157  0:000   - [change XHC1 to XHC]: pattern 58484331, bin not found / already patched!
5:157  0:000  first CPU found at AC9D offset ACA1
5:157  0:000  score candidate at AC99
5:157  0:000  score inserted in acpi_cpu_score _PR_
5:157  0:000  Found ACPI CPU: CPU0 | CPU1 | CPU2 | CPU3 | CPU4 | CPU5 | CPU6 | CPU7 , within the score: _PR_
5:158  0:000  PreCleanup XSDT: count=18, length=180
5:158  0:000  PreCleanup XSDT, corrected XSDT: count=18, length=180
5:158  0:000  === [ ACPIPatchedAML ] ====================================
5:158  0:000  AutoMerge pass 1
5:158  0:000  Unsorted
5:158  0:000  Inserting SSDT.AML from EFI\CLOVER\ACPI\patched: ignore on pass 1
5:158  0:000  Inserting SSDT-PNLF.aml from EFI\CLOVER\ACPI\patched: ignore on pass 1
5:158  0:000  Inserting SSDT-8.AML from EFI\CLOVER\ACPI\patched: size=4169 @15 ... Success
5:159  0:001  Inserting SSDT-9.AML from EFI\CLOVER\ACPI\patched: size=3520 @17 ... Success
5:159  0:000  Inserting SSDT-UIAC.aml from EFI\CLOVER\ACPI\patched: ignore on pass 1
5:159  0:000  === [ ACPIDropTables ] ====================================
5:160  0:000  === [ PatchAllSSDT ] ======================================
5:160  0:000  Patch table: SSDT  zpoddult len=0x174
5:160  0:000  0. [change OSID to XSID (to avoid match against _OSI XOSI patch)]: disabled
5:160  0:000  1. [change _OSI to XOSI]: pattern 5F4F5349, bin not found / already patched!
5:160  0:000  2. [change _DSM to XDSM]: disabled
5:160  0:000  3. [change EC0 to EC]: disabled
5:160  0:000  4. [change H_EC to EC]: disabled
5:160  0:000  5. [change EHC1 to EH01]: pattern 45484331, bin not found / already patched!
5:160  0:000  6. [change EHC2 to EH02]: pattern 45484332, bin not found / already patched!
5:160  0:000  7. [change GFX0 to IGPU]: pattern 47465830, bin not found / already patched!
5:160  0:000  8. [change PCI0.VID to IGPU #1 (Thinkpad)]: pattern 50434930, bin not found / already patched!
5:160  0:000  9. [change PCI0.VID to IGPU #2 (Thinkpad)]: pattern 5649445F, bin not found / already patched!
5:160  0:000  10. [change B0D3 to HDAU]: pattern 42304433, bin not found / already patched!
5:160  0:000  11. [change XHCI to XHC]: pattern 58484349, bin not found / already patched!
5:160  0:000  12. [change XHC1 to XHC]: pattern 58484331, bin not found / already patched!
5:160  0:000  Patch table: SSDT  Cpu0Ist len=0x539
5:160  0:000  0. [change OSID to XSID (to avoid match against _OSI XOSI patch)]: disabled
5:160  0:000  1. [change _OSI to XOSI]: pattern 5F4F5349, bin not found / already patched!
5:160  0:000  2. [change _DSM to XDSM]: disabled
5:160  0:000  3. [change EC0 to EC]: disabled
5:160  0:000  4. [change H_EC to EC]: disabled
5:160  0:000  5. [change EHC1 to EH01]: pattern 45484331, bin not found / already patched!
5:160  0:000  6. [change EHC2 to EH02]: pattern 45484332, bin not found / already patched!
5:160  0:000  7. [change GFX0 to IGPU]: pattern 47465830, bin not found / already patched!
5:160  0:000  8. [change PCI0.VID to IGPU #1 (Thinkpad)]: pattern 50434930, bin not found / already patched!
5:160  0:000  9. [change PCI0.VID to IGPU #2 (Thinkpad)]: pattern 5649445F, bin not found / already patched!
5:160  0:000  10. [change B0D3 to HDAU]: pattern 42304433, bin not found / already patched!
5:160  0:000  11. [change XHCI to XHC]: pattern 58484349, bin not found / already patched!
5:160  0:000  12. [change XHC1 to XHC]: pattern 58484331, bin not found / already patched!
5:160  0:000  Patch table: SSDT  CpuPm len=0xAD8
5:160  0:000  0. [change OSID to XSID (to avoid match against _OSI XOSI patch)]: disabled
5:160  0:000  1. [change _OSI to XOSI]: pattern 5F4F5349, bin not found / already patched!
5:160  0:000  2. [change _DSM to XDSM]: disabled
5:160  0:000  3. [change EC0 to EC]: disabled
5:160  0:000  4. [change H_EC to EC]: disabled
5:160  0:000  5. [change EHC1 to EH01]: pattern 45484331, bin not found / already patched!
5:160  0:000  6. [change EHC2 to EH02]: pattern 45484332, bin not found / already patched!
5:160  0:000  7. [change GFX0 to IGPU]: pattern 47465830, bin not found / already patched!
5:160  0:000  8. [change PCI0.VID to IGPU #1 (Thinkpad)]: pattern 50434930, bin not found / already patched!
5:160  0:000  9. [change PCI0.VID to IGPU #2 (Thinkpad)]: pattern 5649445F, bin not found / already patched!
5:160  0:000  10. [change B0D3 to HDAU]: pattern 42304433, bin not found / already patched!
5:160  0:000  11. [change XHCI to XHC]: pattern 58484349, bin not found / already patched!
5:160  0:000  12. [change XHC1 to XHC]: pattern 58484331, bin not found / already patched!
5:160  0:000  Patch table: SSDT  Cpu0Tst len=0x2DE
5:160  0:000  0. [change OSID to XSID (to avoid match against _OSI XOSI patch)]: disabled
5:160  0:000  1. [change _OSI to XOSI]: pattern 5F4F5349, bin not found / already patched!
5:160  0:000  2. [change _DSM to XDSM]: disabled
5:160  0:000  3. [change EC0 to EC]: disabled
5:160  0:000  4. [change H_EC to EC]: disabled
5:160  0:000  5. [change EHC1 to EH01]: pattern 45484331, bin not found / already patched!
5:160  0:000  6. [change EHC2 to EH02]: pattern 45484332, bin not found / already patched!
5:160  0:000  7. [change GFX0 to IGPU]: pattern 47465830, bin not found / already patched!
5:160  0:000  8. [change PCI0.VID to IGPU #1 (Thinkpad)]: pattern 50434930, bin not found / already patched!
5:160  0:000  9. [change PCI0.VID to IGPU #2 (Thinkpad)]: pattern 5649445F, bin not found / already patched!
5:160  0:000  10. [change B0D3 to HDAU]: pattern 42304433, bin not found / already patched!
5:160  0:000  11. [change XHCI to XHC]: pattern 58484349, bin not found / already patched!
5:160  0:000  12. [change XHC1 to XHC]: pattern 58484331, bin not found / already patched!
5:160  0:000  Patch table: SSDT  ApTst len=0x348
5:160  0:000  0. [change OSID to XSID (to avoid match against _OSI XOSI patch)]: disabled
5:160  0:000  1. [change _OSI to XOSI]: pattern 5F4F5349, bin not found / already patched!
5:160  0:000  2. [change _DSM to XDSM]: disabled
5:160  0:000  3. [change EC0 to EC]: disabled
5:160  0:000  4. [change H_EC to EC]: disabled
5:160  0:000  5. [change EHC1 to EH01]: pattern 45484331, bin not found / already patched!
5:160  0:000  6. [change EHC2 to EH02]: pattern 45484332, bin not found / already patched!
5:160  0:000  7. [change GFX0 to IGPU]: pattern 47465830, bin not found / already patched!
5:160  0:000  8. [change PCI0.VID to IGPU #1 (Thinkpad)]: pattern 50434930, bin not found / already patched!
5:160  0:000  9. [change PCI0.VID to IGPU #2 (Thinkpad)]: pattern 5649445F, bin not found / already patched!
5:160  0:000  10. [change B0D3 to HDAU]: pattern 42304433, bin not found / already patched!
5:160  0:000  11. [change XHCI to XHC]: pattern 58484349, bin not found / already patched!
5:160  0:000  12. [change XHC1 to XHC]: pattern 58484331, bin not found / already patched!
5:160  0:000  Patch table: SSDT  DptfTabl len=0x3077
5:160  0:000  0. [change OSID to XSID (to avoid match against _OSI XOSI patch)]: disabled
5:160  0:000  1. [change _OSI to XOSI]: pattern 5F4F5349, bin not found / already patched!
5:160  0:000  2. [change _DSM to XDSM]: disabled
5:160  0:000  3. [change EC0 to EC]: disabled
5:160  0:000  4. [change H_EC to EC]: disabled
5:160  0:000  5. [change EHC1 to EH01]: pattern 45484331, bin not found / already patched!
5:160  0:000  6. [change EHC2 to EH02]: pattern 45484332, bin not found / already patched!
5:160  0:000  7. [change GFX0 to IGPU]: pattern 47465830, patched at: [ (2F01) (15) (25) (14) (1F) (15) (22) (15) ]
5:160  0:000  8. [change PCI0.VID to IGPU #1 (Thinkpad)]: pattern 50434930, bin not found / already patched!
5:160  0:000  9. [change PCI0.VID to IGPU #2 (Thinkpad)]: pattern 5649445F, bin not found / already patched!
5:160  0:000  10. [change B0D3 to HDAU]: pattern 42304433, bin not found / already patched!
5:160  0:000  11. [change XHCI to XHC]: pattern 58484349, bin not found / already patched!
5:160  0:000  12. [change XHC1 to XHC]: pattern 58484331, bin not found / already patched!
5:160  0:000  Patch table: SSDT  SataTabl len=0x298
5:160  0:000  0. [change OSID to XSID (to avoid match against _OSI XOSI patch)]: disabled
5:160  0:000  1. [change _OSI to XOSI]: pattern 5F4F5349, bin not found / already patched!
5:160  0:000  2. [change _DSM to XDSM]: disabled
5:160  0:000  3. [change EC0 to EC]: disabled
5:160  0:000  4. [change H_EC to EC]: disabled
5:160  0:000  5. [change EHC1 to EH01]: pattern 45484331, bin not found / already patched!
5:160  0:000  6. [change EHC2 to EH02]: pattern 45484332, bin not found / already patched!
5:160  0:000  7. [change GFX0 to IGPU]: pattern 47465830, bin not found / already patched!
5:160  0:000  8. [change PCI0.VID to IGPU #1 (Thinkpad)]: pattern 50434930, bin not found / already patched!
5:160  0:000  9. [change PCI0.VID to IGPU #2 (Thinkpad)]: pattern 5649445F, bin not found / already patched!
5:160  0:000  10. [change B0D3 to HDAU]: pattern 42304433, bin not found / already patched!
5:160  0:000  11. [change XHCI to XHC]: pattern 58484349, bin not found / already patched!
5:160  0:000  12. [change XHC1 to XHC]: pattern 58484331, bin not found / already patched!
5:160  0:000  Patch table: SSDT  SaSsdt  len=0x3EE7
5:160  0:000  0. [change OSID to XSID (to avoid match against _OSI XOSI patch)]: disabled
5:160  0:000  1. [change _OSI to XOSI]: pattern 5F4F5349, bin not found / already patched!
5:160  0:000  2. [change _DSM to XDSM]: disabled
5:160  0:000  3. [change EC0 to EC]: disabled
5:160  0:000  4. [change H_EC to EC]: disabled
5:160  0:000  5. [change EHC1 to EH01]: pattern 45484331, bin not found / already patched!
5:160  0:000  6. [change EHC2 to EH02]: pattern 45484332, bin not found / already patched!
5:160  0:000  7. [change GFX0 to IGPU]: pattern 47465830, patched at: [ (76A) (2E) (17) (1A) (198C) (BAD) (1D) (293) (E08) (12) (12) (57) (30) ]
5:160  0:000  8. [change PCI0.VID to IGPU #1 (Thinkpad)]: pattern 50434930, bin not found / already patched!
5:160  0:000  9. [change PCI0.VID to IGPU #2 (Thinkpad)]: pattern 5649445F, bin not found / already patched!
5:160  0:000  10. [change B0D3 to HDAU]: pattern 42304433, patched at: [ (27E) (290F) (F) (10) (F) (F) (F) ]
5:160  0:000  11. [change XHCI to XHC]: pattern 58484349, bin not found / already patched!
5:160  0:000  12. [change XHC1 to XHC]: pattern 58484331, bin not found / already patched!
5:161  0:000  Patch table: SSDT  SgPch len=0x1049
5:161  0:000  0. [change OSID to XSID (to avoid match against _OSI XOSI patch)]: disabled
5:161  0:000  1. [change _OSI to XOSI]: pattern 5F4F5349, bin not found / already patched!
5:161  0:000  2. [change _DSM to XDSM]: disabled
5:161  0:000  3. [change EC0 to EC]: disabled
5:161  0:000  4. [change H_EC to EC]: disabled
5:161  0:000  5. [change EHC1 to EH01]: pattern 45484331, bin not found / already patched!
5:161  0:000  6. [change EHC2 to EH02]: pattern 45484332, bin not found / already patched!
5:161  0:000  7. [change GFX0 to IGPU]: pattern 47465830, bin not found / already patched!
5:161  0:000  8. [change PCI0.VID to IGPU #1 (Thinkpad)]: pattern 50434930, bin not found / already patched!
5:161  0:000  9. [change PCI0.VID to IGPU #2 (Thinkpad)]: pattern 5649445F, bin not found / already patched!
5:161  0:000  10. [change B0D3 to HDAU]: pattern 42304433, bin not found / already patched!
5:161  0:000  11. [change XHCI to XHC]: pattern 58484349, bin not found / already patched!
5:161  0:000  12. [change XHC1 to XHC]: pattern 58484331, bin not found / already patched!
5:161  0:000  Patch table: SSDT  OptTabl len=0xDC0
5:161  0:000  0. [change OSID to XSID (to avoid match against _OSI XOSI patch)]: disabled
5:161  0:000  1. [change _OSI to XOSI]: pattern 5F4F5349, bin not found / already patched!
5:161  0:000  2. [change _DSM to XDSM]: disabled
5:161  0:000  3. [change EC0 to EC]: disabled
5:161  0:000  4. [change H_EC to EC]: disabled
5:161  0:000  5. [change EHC1 to EH01]: pattern 45484331, bin not found / already patched!
5:161  0:000  6. [change EHC2 to EH02]: pattern 45484332, bin not found / already patched!
5:161  0:000  7. [change GFX0 to IGPU]: pattern 47465830, bin not found / already patched!
5:161  0:000  8. [change PCI0.VID to IGPU #1 (Thinkpad)]: pattern 50434930, bin not found / already patched!
5:161  0:000  9. [change PCI0.VID to IGPU #2 (Thinkpad)]: pattern 5649445F, bin not found / already patched!
5:161  0:000  10. [change B0D3 to HDAU]: pattern 42304433, bin not found / already patched!
5:161  0:000  11. [change XHCI to XHC]: pattern 58484349, bin not found / already patched!
5:161  0:000  12. [change XHC1 to XHC]: pattern 58484331, bin not found / already patched!
5:161  0:000  === [ ACPIPatchedAML ] ====================================
5:161  0:000  AutoMerge pass 2
5:161  0:000  Unsorted
5:161  0:000  Inserting SSDT.AML from EFI\CLOVER\ACPI\patched: size=1665 ... Success
5:161  0:000  Inserting SSDT-PNLF.aml from EFI\CLOVER\ACPI\patched: size=978 ... Success
5:162  0:000  Inserting SSDT-UIAC.aml from EFI\CLOVER\ACPI\patched: size=457 ... Success
5:162  0:000  CPUBase=0 and ApicCPUBase=1 ApicCPUNum=4
5:162  0:000  Maximum control=0x17
5:162  0:000  Turbo control=0x1A
5:162  0:000  P-States: min 0x8, max 0x1A
5:162  0:000  SSDT with plugin-type without P-States is generated
5:162  0:000  Cleanup XSDT: count=22, length=212
5:162  0:000  corrected XSDT count=22, length=212
5:162  0:000  === [ RestSetup macOS ] ===================================
5:162  0:000  EdidDiscovered size=128
5:162  0:000  --- Discovered EDID Table size:128
5:162  0:000  000  |  00  FF  FF  FF  FF  FF  FF  00  0D  AE
5:162  0:000  010  |  B8  15  00  00  00  00  30  17  01  03
5:162  0:000  020  |  80  22  13  78  0A  E5  65  92  58  57
5:162  0:000  030  |  98  29  1D  50  54  00  00  00  01  01
5:162  0:000  040  |  01  01  01  01  01  01  01  01  01  01
5:162  0:000  050  |  01  01  01  01  79  1D  56  C2  50  00
5:162  0:000  060  |  26  30  1F  41  4C  00  58  C1  10  00
5:162  0:000  070  |  00  18  00  00  00  FE  00  4E  31  35
5:162  0:000  080  |  36  42  47  45  2D  4C  33  31  0A  20
5:162  0:000  090  |  00  00  00  FE  00  43  4D  4E  0A  20
5:162  0:000  100  |  20  20  20  20  20  20  20  20  00  00
5:162  0:000  110  |  00  FE  00  4E  31  35  36  42  47  45
5:162  0:000  120  |  2D  4C  33  31  0A  20  00  1E
5:162  0:000  Intel HD Graphics 4400 [8086:0A16] :: PciRoot(0x0)\Pci(0x2,0x0)
5:162  0:000    Found Full Wide XGA Display - 16:9 :: Width=1366 Height=768
5:162  0:000    Beginning DualLink auto-detection
5:162  0:000    Low Resolution Display
5:162  0:000    AAPL00,DualLink: not used
5:162  0:000    FakeID Intel GFX = 0x04128086
5:162  0:000    ig-platform-id = 0x0A260006
5:162  0:000  Intel GFX revision  = 0x9
5:162  0:000   detected codec: 8086:2807
5:163  0:000   detected codec: 10EC:0233
5:163  0:000  stringlength = 2826
5:163  0:000  CurrentMode: Width=1366 Height=768
5:163  0:000  Beginning FSInjection
FSInjectionInstall ...
- Our FSI_SIMPLE_FILE_SYSTEM_PROTOCOL installed on handle: C75CAF18
FSInjectionInstall ...
- Our FSI_SIMPLE_FILE_SYSTEM_PROTOCOL installed on handle: C75CAF18
5:167  0:004  Use origin smbios table type 1 guid.
5:168  0:001  Preparing kexts injection for arch=x86_64 from EFI\CLOVER\kexts\Other
5:168  0:000  Extra kext: EFI\CLOVER\kexts\Other\FakeSMC.kext (v.3.5.0)
5:176  0:007  Extra kext: EFI\CLOVER\kexts\Other\IntelGraphicsFixup.kext (v.1.2.7)
5:185  0:008  Extra kext: EFI\CLOVER\kexts\Other\HoRNDIS.kext (v.6)
5:190  0:005  Extra kext: EFI\CLOVER\kexts\Other\VoodooPS2Controller.kext (v.1.8.34)
5:194  0:004    |-- PlugIn kext: EFI\CLOVER\kexts\Other\VoodooPS2Controller.kext\Contents\PlugIns\VoodooPS2Mouse.kext (v.1.8.34)
5:200  0:005    |-- PlugIn kext: EFI\CLOVER\kexts\Other\VoodooPS2Controller.kext\Contents\PlugIns\VoodooPS2Keyboard.kext (v.1.8.34)
5:205  0:005    |-- PlugIn kext: EFI\CLOVER\kexts\Other\VoodooPS2Controller.kext\Contents\PlugIns\VoodooPS2Trackpad.kext (v.1.8.34)
5:210  0:004  Extra kext: EFI\CLOVER\kexts\Other\USBInjectAll.kext (v.0.6.4)
5:278  0:068  Extra kext: EFI\CLOVER\kexts\Other\RealtekRTL8111.kext (v.2.2.1)
5:288  0:009  Extra kext: EFI\CLOVER\kexts\Other\Lilu.kext (v.1.2.3)
5:295  0:007  Custom boot screen not used because entry has unset use graphics
5:296  0:001  Closing log
